Dec 07, 2024 11:05:12 AM org.example.cli.OpenTerminalAndLog main
INFO: Application started
Dec 07, 2024 11:05:12 AM org.example.cli.OpenTerminalAndLog main
WARNING: This is a warning!
Dec 07, 2024 11:05:12 AM org.example.cli.OpenTerminalAndLog main
SEVERE: This is an error message!
Dec 07, 2024 11:05:14 AM org.example.cli.OpenTerminalAndLog main
INFO: Logging message #1
Dec 07, 2024 11:05:16 AM org.example.cli.OpenTerminalAndLog main
INFO: Logging message #2
Dec 07, 2024 11:05:18 AM org.example.cli.OpenTerminalAndLog main
INFO: Logging message #3
Dec 07, 2024 11:05:20 AM org.example.cli.OpenTerminalAndLog main
INFO: Logging message #4
Dec 07, 2024 11:05:22 AM org.example.cli.OpenTerminalAndLog main
INFO: Logging message #5
Dec 07, 2024 11:08:55 AM org.example.cli.OpenTerminalAndLog main
INFO: Application started
Dec 07, 2024 11:08:55 AM org.example.cli.OpenTerminalAndLog main
WARNING: This is a warning!
Dec 07, 2024 11:08:55 AM org.example.cli.OpenTerminalAndLog main
SEVERE: This is an error message!
Dec 07, 2024 11:08:57 AM org.example.cli.OpenTerminalAndLog main
INFO: Logging message #1
Dec 07, 2024 11:08:59 AM org.example.cli.OpenTerminalAndLog main
INFO: Logging message #2
Dec 07, 2024 11:09:01 AM org.example.cli.OpenTerminalAndLog main
INFO: Logging message #3
Dec 07, 2024 11:09:03 AM org.example.cli.OpenTerminalAndLog main
INFO: Logging message #4
Dec 07, 2024 11:09:05 AM org.example.cli.OpenTerminalAndLog main
INFO: Logging message #5
Dec 07, 2024 11:25:03 AM org.example.cli.OpenTerminalAndLog main
INFO: Application started
Dec 07, 2024 11:25:03 AM org.example.cli.OpenTerminalAndLog main
WARNING: This is a warning!
Dec 07, 2024 11:25:03 AM org.example.cli.OpenTerminalAndLog main
SEVERE: This is an error message!
Dec 07, 2024 11:25:05 AM org.example.cli.OpenTerminalAndLog main
INFO: Logging message #1
Dec 07, 2024 11:25:07 AM org.example.cli.OpenTerminalAndLog main
INFO: Logging message #2
Dec 07, 2024 11:25:09 AM org.example.cli.OpenTerminalAndLog main
INFO: Logging message #3
Dec 07, 2024 11:25:11 AM org.example.cli.OpenTerminalAndLog main
INFO: Logging message #4
Dec 07, 2024 11:25:13 AM org.example.cli.OpenTerminalAndLog main
INFO: Logging message #5
Dec 07, 2024 11:25:52 AM org.example.cli.OpenTerminalAndLog main
INFO: Application started
Dec 07, 2024 11:25:52 AM org.example.cli.OpenTerminalAndLog main
WARNING: This is a warning!
Dec 07, 2024 11:25:52 AM org.example.cli.OpenTerminalAndLog main
SEVERE: This is an error message!
Dec 07, 2024 11:25:54 AM org.example.cli.OpenTerminalAndLog main
INFO: Logging message #1
Dec 07, 2024 11:25:56 AM org.example.cli.OpenTerminalAndLog main
INFO: Logging message #2
Dec 07, 2024 11:25:58 AM org.example.cli.OpenTerminalAndLog main
INFO: Logging message #3
Dec 07, 2024 11:26:00 AM org.example.cli.OpenTerminalAndLog main
INFO: Logging message #4
Dec 07, 2024 11:26:02 AM org.example.cli.OpenTerminalAndLog main
INFO: Logging message #5
Dec 07, 2024 11:26:07 AM org.example.cli.OpenTerminalAndLog main
INFO: Application started
Dec 07, 2024 11:26:07 AM org.example.cli.OpenTerminalAndLog main
WARNING: This is a warning!
Dec 07, 2024 11:26:07 AM org.example.cli.OpenTerminalAndLog main
SEVERE: This is an error message!
Dec 07, 2024 11:26:09 AM org.example.cli.OpenTerminalAndLog main
INFO: Logging message #1
Dec 07, 2024 11:26:12 AM org.example.cli.OpenTerminalAndLog main
INFO: Logging message #2
Dec 07, 2024 11:26:14 AM org.example.cli.OpenTerminalAndLog main
INFO: Logging message #3
Dec 07, 2024 11:26:16 AM org.example.cli.OpenTerminalAndLog main
INFO: Logging message #4
Dec 07, 2024 11:26:18 AM org.example.cli.OpenTerminalAndLog main
INFO: Logging message #5
Dec 07, 2024 11:26:25 AM org.example.cli.OpenTerminalAndLog main
INFO: Application started
Dec 07, 2024 11:26:25 AM org.example.cli.OpenTerminalAndLog main
WARNING: This is a warning!
Dec 07, 2024 11:26:25 AM org.example.cli.OpenTerminalAndLog main
SEVERE: This is an error message!
Dec 07, 2024 11:26:27 AM org.example.cli.OpenTerminalAndLog main
INFO: Logging message #1
Dec 07, 2024 11:26:29 AM org.example.cli.OpenTerminalAndLog main
INFO: Logging message #2
Dec 07, 2024 11:26:31 AM org.example.cli.OpenTerminalAndLog main
INFO: Logging message #3
Dec 07, 2024 11:26:33 AM org.example.cli.OpenTerminalAndLog main
INFO: Logging message #4
Dec 07, 2024 11:26:35 AM org.example.cli.OpenTerminalAndLog main
INFO: Logging message #5
Dec 07, 2024 11:28:14 AM org.example.cli.OpenTerminalAndLog main
INFO: Application started
Dec 07, 2024 11:28:14 AM org.example.cli.OpenTerminalAndLog main
WARNING: This is a warning!
Dec 07, 2024 11:28:14 AM org.example.cli.OpenTerminalAndLog main
SEVERE: This is an error message!
Dec 07, 2024 11:28:16 AM org.example.cli.OpenTerminalAndLog main
INFO: Logging message #1
Dec 07, 2024 11:28:18 AM org.example.cli.OpenTerminalAndLog main
INFO: Logging message #2
Dec 07, 2024 11:28:20 AM org.example.cli.OpenTerminalAndLog main
INFO: Logging message #3
Dec 07, 2024 11:28:22 AM org.example.cli.OpenTerminalAndLog main
INFO: Logging message #4
Dec 07, 2024 11:28:24 AM org.example.cli.OpenTerminalAndLog main
INFO: Application started
Dec 07, 2024 11:28:24 AM org.example.cli.OpenTerminalAndLog main
WARNING: This is a warning!
Dec 07, 2024 11:28:24 AM org.example.cli.OpenTerminalAndLog main
SEVERE: This is an error message!
Dec 07, 2024 11:28:26 AM org.example.cli.OpenTerminalAndLog main
INFO: Logging message #1
Dec 07, 2024 11:28:28 AM org.example.cli.OpenTerminalAndLog main
INFO: Logging message #2
Dec 07, 2024 11:28:30 AM org.example.cli.OpenTerminalAndLog main
INFO: Logging message #3
Dec 07, 2024 11:28:32 AM org.example.cli.OpenTerminalAndLog main
INFO: Logging message #4
Dec 07, 2024 11:28:34 AM org.example.cli.OpenTerminalAndLog main
INFO: Logging message #5
Dec 10, 2024 7:16:20 AM org.example.cli.OpenTerminalAndLog main
INFO: Application started
Dec 10, 2024 7:16:20 AM org.example.cli.OpenTerminalAndLog main
WARNING: This is a warning!
Dec 10, 2024 7:16:20 AM org.example.cli.OpenTerminalAndLog main
SEVERE: This is an error message!
Dec 10, 2024 7:16:22 AM org.example.cli.OpenTerminalAndLog main
INFO: Logging message #1
Dec 10, 2024 7:16:24 AM org.example.cli.OpenTerminalAndLog main
INFO: Logging message #2
Dec 10, 2024 7:16:26 AM org.example.cli.OpenTerminalAndLog main
INFO: Logging message #3
Dec 10, 2024 7:16:28 AM org.example.cli.OpenTerminalAndLog main
INFO: Logging message #4
Dec 10, 2024 7:16:30 AM org.example.cli.OpenTerminalAndLog main
INFO: Logging message #5
